  icode   ic inum1 inum2 inum3   subed  recmonps reccnstps  flow(m^3)   sed(t)      orgn(kg)    orgp(kg)    nitrate(kg) sol.p(kg)   sol.pst(mg) sor.pst(mg)
       1        1        1        0        0        0                         0.3996E+09  0.5962E+07  0.1931E+07  0.5137E+06  0.6869E+06  0.2508E+04  0.0000E+00  0.0000E+00
       1        2        2        0        0        0                         0.4435E+09  0.7790E+06  0.2043E+07  0.4493E+06  0.1154E+07  0.1798E+04  0.0000E+00  0.0000E+00
       1        3        3        0        0        0                         0.1809E+09  0.6915E+06  0.6864E+06  0.1685E+06  0.3456E+06  0.1318E+04  0.0000E+00  0.0000E+00
       1        4        4        0        0        0                         0.2162E+09  0.4576E+06  0.1012E+07  0.2280E+06  0.5195E+06  0.7593E+03  0.0000E+00  0.0000E+00
       1        5        5        0        0        0                         0.2444E+09  0.1280E+07  0.7176E+06  0.1886E+06  0.2733E+06  0.1595E+04  0.0000E+00  0.0000E+00
       1        6        6        0        0        0                         0.5013E+09  0.4859E+07  0.1995E+07  0.5033E+06  0.7282E+06  0.3112E+04  0.0000E+00  0.0000E+00
       1        7        7        0        0        0                         0.8096E+08  0.8656E+06  0.2723E+06  0.6662E+05  0.1191E+06  0.6923E+03  0.0000E+00  0.0000E+00
       1        8        8        0        0        0                         0.3396E+09  0.1237E+07  0.1732E+07  0.3811E+06  0.6952E+06  0.7819E+03  0.0000E+00  0.0000E+00
       1        9        9        0        0        0                         0.2450E+09  0.1703E+07  0.8083E+06  0.1758E+06  0.2435E+06  0.2405E+03  0.0000E+00  0.0000E+00
       2       10        1        1        1        0                         0.3987E+09  0.5962E+07  0.1909E+07  0.5049E+06  0.6851E+06  0.6583E+04  0.0000E+00  0.0000E+00
       5       11        5       10        0        0                         0.6431E+09  0.7242E+07  0.2627E+07  0.6934E+06  0.9584E+06  0.8178E+04  0.0000E+00  0.0000E+00
       2       12        5       11        5        0                         0.6424E+09  0.7242E+07  0.2607E+07  0.6853E+06  0.9571E+06  0.1355E+05  0.0000E+00  0.0000E+00
       2       13        2        2        2        0                         0.4434E+09  0.7790E+06  0.2041E+07  0.4486E+06  0.1154E+07  0.2130E+04  0.0000E+00  0.0000E+00
       2       14        6        6        6        0                         0.5008E+09  0.4859E+07  0.1986E+07  0.4995E+06  0.7274E+06  0.5199E+04  0.0000E+00  0.0000E+00
       2       15        8        8        8        0                         0.3394E+09  0.1237E+07  0.1706E+07  0.3723E+06  0.6947E+06  0.2192E+04  0.0000E+00  0.0000E+00
       5       16        4       15        0        0                         0.5556E+09  0.1695E+07  0.2718E+07  0.6003E+06  0.1214E+07  0.2951E+04  0.0000E+00  0.0000E+00
       2       17        4       16        4        0                         0.5545E+09  0.1695E+07  0.2695E+07  0.5926E+06  0.1212E+07  0.5540E+04  0.0000E+00  0.0000E+00
       5       18        3       13        0        0                         0.6243E+09  0.1471E+07  0.2728E+07  0.6171E+06  0.1500E+07  0.3447E+04  0.0000E+00  0.0000E+00
       5       19       18       17        0        0                         0.1179E+10  0.3165E+07  0.5423E+07  0.1210E+07  0.2711E+07  0.8987E+04  0.0000E+00  0.0000E+00
       2       20        3       19        3        0                         0.1178E+10  0.3165E+07  0.5391E+07  0.1199E+07  0.2709E+07  0.1365E+05  0.0000E+00  0.0000E+00
       5       21        7       20        0        0                         0.1259E+10  0.4031E+07  0.5663E+07  0.1265E+07  0.2828E+07  0.1434E+05  0.0000E+00  0.0000E+00
       2       22        7       21        7        0                         0.1258E+10  0.4031E+07  0.5640E+07  0.1257E+07  0.2826E+07  0.1999E+05  0.0000E+00  0.0000E+00
       5       23        9       12        0        0                         0.8874E+09  0.8945E+07  0.3415E+07  0.8611E+06  0.1201E+07  0.1379E+05  0.0000E+00  0.0000E+00
       5       24       23       14        0        0                         0.1388E+10  0.1380E+08  0.5401E+07  0.1361E+07  0.1928E+07  0.1899E+05  0.0000E+00  0.0000E+00
       5       25       24       22        0        0                         0.2646E+10  0.1783E+08  0.1104E+08  0.2618E+07  0.4754E+07  0.3898E+05  0.0000E+00  0.0000E+00
       2       26        9       25        9        0                         0.2642E+10  0.1780E+08  0.1039E+08  0.2381E+07  0.4746E+07  0.1162E+06  0.0000E+00  0.0000E+00
      14       26        1        0        0        0                         0.2642E+10  0.1780E+08  0.1039E+08  0.2381E+07  0.4746E+07  0.1162E+06  0.0000E+00  0.0000E+00
